<?xml version="1.0" encoding="UTF-8"?>
<testsuite xmlns:xsi="http://www.w3.org/2001/XMLSchema-instance" xsi:noNamespaceSchemaLocation="https://maven.apache.org/surefire/maven-surefire-plugin/xsd/surefire-test-report-3.0.xsd" version="3.0" name="TestSuite" time="1.266" tests="6" errors="0" skipped="0" failures="0">
  <properties>
[...]
</properties>
  <testcase name="Appium" classname="Mavenjava01.AppiumTest" time="0.034">
    <system-out><![CDATA[Appium Browser
]]></system-out>
  </testcase>
  <testcase name="Appiumlogin" classname="Mavenjava01.AppiumTest" time="0.004">
    <system-out><![CDATA[Appium browser UI
]]></system-out>
  </testcase>
  <testcase name="Rest" classname="Mavenjava01.RestAPITest" time="0.008">
    <system-out><![CDATA[Rest API Browser
]]></system-out>
  </testcase>
  <testcase name="RestAPIUI" classname="Mavenjava01.RestAPITest" time="0.04">
    <system-out><![CDATA[Rest API UI
]]></system-out>
  </testcase>
  <testcase name="Selenium" classname="Mavenjava01.SeleniumTest" time="0.007">
    <system-out><![CDATA[Selenium Browser
]]></system-out>
  </testcase>
  <testcase name="SeleniumUI" classname="Mavenjava01.SeleniumTest" time="0.005">
    <system-out><![CDATA[Selenium UI
]]></system-out>
  </testcase>
</testsuite>