<?xml version="1.0" encoding="UTF-8"?>
<testng-results ignored="0" total="6" passed="6" failed="0" skipped="0">
  <reporter-output>
  </reporter-output>
  <suite started-at="2024-09-25T22:55:08 IST" name="Surefire suite" finished-at="2024-09-25T22:55:08 IST" duration-ms="82">
    <groups>
    </groups>
    <test started-at="2024-09-25T22:55:08 IST" name="Surefire test" finished-at="2024-09-25T22:55:08 IST" duration-ms="82">
      <class name="Mavenjava01.AppiumTest">
        <test-method signature="Appium()[pri:0, instance:Mavenjava01.AppiumTest@214b199c]" started-at="2024-09-25T22:55:08 IST" name="Appium" finished-at="2024-09-25T22:55:08 IST" duration-ms="14" status="PASS">
          <reporter-output>
          </reporter-output>
        </test-method> <!-- Appium -->
        <test-method signature="Appiumlogin()[pri:0, instance:Mavenjava01.AppiumTest@214b199c]" started-at="2024-09-25T22:55:08 IST" name="Appiumlogin" finished-at="2024-09-25T22:55:08 IST" duration-ms="1" status="PASS">
          <reporter-output>
          </reporter-output>
        </test-method> <!-- Appiumlogin -->
      </class> <!-- Mavenjava01.AppiumTest -->
      <class name="Mavenjava01.SeleniumTest">
        <test-method signature="Selenium()[pri:0, instance:Mavenjava01.SeleniumTest@2aece37d]" started-at="2024-09-25T22:55:08 IST" name="Selenium" finished-at="2024-09-25T22:55:08 IST" duration-ms="1" status="PASS">
          <reporter-output>
          </reporter-output>
        </test-method> <!-- Selenium -->
        <test-method signature="SeleniumUI()[pri:0, instance:Mavenjava01.SeleniumTest@2aece37d]" started-at="2024-09-25T22:55:08 IST" name="SeleniumUI" finished-at="2024-09-25T22:55:08 IST" duration-ms="1" status="PASS">
          <reporter-output>
          </reporter-output>
        </test-method> <!-- SeleniumUI -->
      </class> <!-- Mavenjava01.SeleniumTest -->
      <class name="Mavenjava01.RestAPITest">
        <test-method signature="Rest()[pri:0, instance:Mavenjava01.RestAPITest@3c87521]" started-at="2024-09-25T22:55:08 IST" name="Rest" finished-at="2024-09-25T22:55:08 IST" duration-ms="0" status="PASS">
          <reporter-output>
          </reporter-output>
        </test-method> <!-- Rest -->
        <test-method signature="RestAPIUI()[pri:0, instance:Mavenjava01.RestAPITest@3c87521]" started-at="2024-09-25T22:55:08 IST" name="RestAPIUI" finished-at="2024-09-25T22:55:08 IST" duration-ms="2" status="PASS">
          <reporter-output>
          </reporter-output>
        </test-method> <!-- RestAPIUI -->
      </class> <!-- Mavenjava01.RestAPITest -->
    </test> <!-- Surefire test -->
  </suite> <!-- Surefire suite -->
</testng-results>
