<?xml version="1.0" encoding="UTF-8"?>
<testng-results ignored="0" total="2" passed="2" failed="0" skipped="0">
  <reporter-output>
  </reporter-output>
  <suite started-at="2024-09-07T15:21:31 IST" name="Default suite" finished-at="2024-09-07T15:21:31 IST" duration-ms="78">
    <groups>
    </groups>
    <test started-at="2024-09-07T15:21:31 IST" name="Default test" finished-at="2024-09-07T15:21:31 IST" duration-ms="78">
      <class name="Mavenjava01.RestAPITest">
        <test-method signature="Rest()[pri:0, instance:Mavenjava01.RestAPITest@795cd85e]" started-at="2024-09-07T15:21:31 IST" name="Rest" finished-at="2024-09-07T15:21:31 IST" duration-ms="18" status="PASS">
          <reporter-output>
          </reporter-output>
        </test-method> <!-- Rest -->
        <test-method signature="RestAPIUI()[pri:0, instance:Mavenjava01.RestAPITest@795cd85e]" started-at="2024-09-07T15:21:31 IST" name="RestAPIUI" finished-at="2024-09-07T15:21:31 IST" duration-ms="3" status="PASS">
          <reporter-output>
          </reporter-output>
        </test-method> <!-- RestAPIUI -->
      </class> <!-- Mavenjava01.RestAPITest -->
    </test> <!-- Default test -->
  </suite> <!-- Default suite -->
</testng-results>
