<?xml version="1.0" encoding="UTF-8"?>
<!-- Generated by org.testng.reporters.JUnitXMLReporter -->
<testsuite ignored="0" hostname="amit" failures="0" tests="6" name="Test" time="0.116" errors="0" timestamp="2024-08-25T11:38:28 IST">
  <testcase classname="Mavenjava01.AppiumTest" name="Appium" time="0.018"/>
  <testcase classname="Mavenjava01.AppiumTest" name="Appiumlogin" time="0.007"/>
  <testcase classname="Mavenjava01.SeleniumTest" name="Selenium" time="0.002"/>
  <testcase classname="Mavenjava01.SeleniumTest" name="SeleniumUI" time="0.003"/>
  <testcase classname="Mavenjava01.RestAPITest" name="Rest" time="0.003"/>
  <testcase classname="Mavenjava01.RestAPITest" name="RestAPIUI" time="0.006"/>
</testsuite> <!-- Test -->
