<?xml version="1.0" encoding="UTF-8"?>
<!-- Generated by org.testng.reporters.JUnitXMLReporter -->
<testsuite ignored="0" hostname="amit" failures="0" tests="6" name="Surefire test" time="0.082" errors="0" timestamp="2024-09-25T22:55:08 IST">
  <testcase classname="Mavenjava01.AppiumTest" name="Appium" time="0.014"/>
  <testcase classname="Mavenjava01.AppiumTest" name="Appiumlogin" time="0.001"/>
  <testcase classname="Mavenjava01.RestAPITest" name="Rest" time="0.0"/>
  <testcase classname="Mavenjava01.RestAPITest" name="RestAPIUI" time="0.002"/>
  <testcase classname="Mavenjava01.SeleniumTest" name="Selenium" time="0.001"/>
  <testcase classname="Mavenjava01.SeleniumTest" name="SeleniumUI" time="0.001"/>
</testsuite> <!-- Surefire test -->
