<?xml version="1.0" encoding="UTF-8"?>
<!-- Generated by org.testng.reporters.JUnitXMLReporter -->
<testsuite ignored="2" hostname="amit" failures="0" tests="4" name="Annotaton" time="0.126" errors="0" timestamp="2024-06-10T09:32:05 IST">
  <testcase classname="TestNG_Programs.Annotation" name="Annotation" time="0.013"/>
  <testcase classname="TestNG_Programs.Annotation" name="test2" time="0.007"/>
  <testcase classname="TestNG_Programs.BeforeAfterTest" name="test1" time="0.004"/>
  <testcase classname="TestNG_Programs.BeforeAfterTest" name="Beforeclass" time="0.005"/>
  <testcase classname="TestNG_Programs.Annotation" name="test3" time="0.0">
    <ignored/>
  </testcase> <!-- test3 -->
  <testcase classname="TestNG_Programs.BeforeAfterTest" name="test3" time="0.0">
    <ignored/>
  </testcase> <!-- test3 -->
</testsuite> <!-- Annotaton -->
