<?xml version="1.0" encoding="UTF-8"?>
<!-- Generated by org.testng.reporters.JUnitXMLReporter -->
<testsuite ignored="0" hostname="amit" failures="0" tests="6" name="Test" time="0.143" errors="0" timestamp="2024-06-09T16:12:10 IST">
  <testcase classname="TestNG_Programs.Annotation" name="test1" time="0.012"/>
  <testcase classname="TestNG_Programs.Annotation" name="test2" time="0.009"/>
  <testcase classname="TestNG_Programs.Annotation" name="test3" time="0.004"/>
  <testcase classname="TestNG_Programs.BeforeAfterTest" name="test1" time="0.002"/>
  <testcase classname="TestNG_Programs.BeforeAfterTest" name="test2" time="0.004"/>
  <testcase classname="TestNG_Programs.BeforeAfterTest" name="test3" time="0.005"/>
</testsuite> <!-- Test -->
