<?xml version="1.0" encoding="UTF-8"?>
<!-- Generated by org.testng.reporters.JUnitXMLReporter -->
<testsuite ignored="0" hostname="amit" failures="0" tests="4" name="Default test" time="55.42" errors="0" timestamp="2024-09-09T16:07:04 IST">
  <testcase classname="TestCase.Release13" name="login" time="30.948"/>
  <testcase classname="TestCase.Release13" name="PageObjectFactory" time="0.71"/>
  <testcase classname="TestCase.Release13" name="modifydata" time="13.247"/>
  <testcase classname="TestCase.Release13" name="Delete" time="10.408"/>
</testsuite> <!-- Default test -->
