<?xml version="1.0" encoding="UTF-8"?>
<!-- Generated by org.testng.reporters.JUnitXMLReporter -->
<testsuite ignored="0" hostname="amit" failures="1" tests="2" name="Test" time="10.726" errors="0" timestamp="2024-09-16T15:56:16 IST">
  <testcase classname="listnerScenarios.Application" name="openapp" time="0.018"/>
  <testcase classname="listnerScenarios.Application" name="search" time="0.049">
    <failure type="java.lang.AssertionError" message="expected [false] but found [true]">
      <![CDATA[java.lang.AssertionError: expected [false] but found [true]
at listnerScenarios.Application.search(Application.java:33)
at java.base/java.util.ArrayList.forEach(ArrayList.java:1596)
... Removed 31 stack frames]]>
    </failure>
  </testcase> <!-- search -->
</testsuite> <!-- Test -->
