<?xml version="1.0" encoding="UTF-8"?>
<!-- Generated by org.testng.reporters.JUnitXMLReporter -->
<testsuite ignored="0" hostname="amit" failures="0" tests="6" name="Test" time="0.132" errors="0" timestamp="2024-04-24T07:31:25 IST">
  <testcase classname="TestNG_Programs.TestCase1" name="search" time="0.014"/>
  <testcase classname="TestNG_Programs.TestCase1" name="valid" time="0.008"/>
  <testcase classname="TestNG_Programs.Test3" name="login" time="0.006"/>
  <testcase classname="TestNG_Programs.Test3" name="logout" time="0.004"/>
  <testcase classname="TestNG_Programs.TestCase2" name="test2" time="0.003"/>
  <testcase classname="TestNG_Programs.TestCase2" name="test3" time="0.006"/>
</testsuite> <!-- Test -->
