<?xml version="1.0" encoding="UTF-8"?>
<!-- Generated by org.testng.reporters.JUnitXMLReporter -->
<testsuite ignored="0" hostname="amit" failures="0" tests="3" name="Test" time="0.126" errors="0" timestamp="2024-09-13T12:16:12 IST">
  <testcase classname="TestNG_Programs.Annotation" name="Annotation" time="0.012"/>
  <testcase classname="TestNG_Programs.Annotation" name="test2" time="0.008"/>
  <testcase classname="TestNG_Programs.Annotation" name="test3" time="0.004"/>
</testsuite> <!-- Test -->
