<?xml version="1.0" encoding="UTF-8"?>
<testng-results ignored="0" total="4" passed="4" failed="0" skipped="0">
  <reporter-output>
  </reporter-output>
  <suite started-at="2024-09-09T16:06:09 IST" name="Default suite" finished-at="2024-09-09T16:07:04 IST" duration-ms="55420">
    <groups>
    </groups>
    <test started-at="2024-09-09T16:06:09 IST" name="Default test" finished-at="2024-09-09T16:07:04 IST" duration-ms="55420">
      <class name="TestCase.Release13">
        <test-method signature="login()[pri:1, instance:TestCase.Release13@402bba4f]" started-at="2024-09-09T16:06:09 IST" name="login" finished-at="2024-09-09T16:06:40 IST" duration-ms="30948" status="PASS">
          <reporter-output>
          </reporter-output>
        </test-method> <!-- login -->
        <test-method signature="PageObjectFactory()[pri:2, instance:TestCase.Release13@402bba4f]" started-at="2024-09-09T16:06:40 IST" name="PageObjectFactory" finished-at="2024-09-09T16:06:40 IST" duration-ms="710" status="PASS">
          <reporter-output>
          </reporter-output>
        </test-method> <!-- PageObjectFactory -->
        <test-method signature="modifydata()[pri:3, instance:TestCase.Release13@402bba4f]" started-at="2024-09-09T16:06:40 IST" name="modifydata" finished-at="2024-09-09T16:06:54 IST" duration-ms="13247" status="PASS">
          <reporter-output>
          </reporter-output>
        </test-method> <!-- modifydata -->
        <test-method signature="Delete()[pri:4, instance:TestCase.Release13@402bba4f]" started-at="2024-09-09T16:06:54 IST" name="Delete" finished-at="2024-09-09T16:07:04 IST" duration-ms="10408" status="PASS">
          <reporter-output>
          </reporter-output>
        </test-method> <!-- Delete -->
      </class> <!-- TestCase.Release13 -->
    </test> <!-- Default test -->
  </suite> <!-- Default suite -->
</testng-results>
