<?xml version="1.0" encoding="UTF-8"?>
<testng-results ignored="0" total="1" passed="1" failed="0" skipped="0">
  <reporter-output>
  </reporter-output>
  <suite started-at="2024-09-25T22:52:51 IST" name="Surefire suite" finished-at="2024-09-25T22:52:51 IST" duration-ms="35">
    <groups>
    </groups>
    <test started-at="2024-09-25T22:52:51 IST" name="Surefire test" finished-at="2024-09-25T22:52:51 IST" duration-ms="35">
      <class name="MavenFrame.AppTest">
        <test-method signature="testApp()[pri:0, instance:testApp(MavenFrame.AppTest)]" started-at="2024-09-25T22:52:51 IST" name="testApp" finished-at="2024-09-25T22:52:51 IST" duration-ms="5" status="PASS">
          <reporter-output>
          </reporter-output>
        </test-method> <!-- testApp -->
      </class> <!-- MavenFrame.AppTest -->
    </test> <!-- Surefire test -->
  </suite> <!-- Surefire suite -->
</testng-results>
