<?xml version="1.0" encoding="UTF-8"?>
<!-- Generated by org.testng.reporters.JUnitXMLReporter -->
<testsuite ignored="0" hostname="amit" failures="0" tests="4" name="Default test" time="33.408" errors="0" timestamp="2024-09-18T10:43:00 IST">
  <testcase classname="TestCase.OpenRegisterPage" name="Resister" time="28.62"/>
  <testcase classname="TestCase.OpenRegisterPage" name="login" time="1.061"/>
  <testcase classname="TestCase.OpenRegisterPage" name="Phone" time="1.827"/>
  <testcase classname="TestCase.OpenRegisterPage" name="cameras" time="1.829"/>
</testsuite> <!-- Default test -->
